# JRE version: Java(TM) SE Runtime Environment (7.0_45-b18) (build 1.7.0_45-b18)
# Java VM: Java HotSpot(TM) 64-Bit Server VM (24.45-b08 mixed mode linux-amd64 compressed oops)
Heap
 PSYoungGen      total 16384K, used 15191K [0x00000000ee200000, 0x00000000ef400000, 0x0000000100000000)
  eden space 14336K, 91% used [0x00000000ee200000,0x00000000eeedbcd8,0x00000000ef000000)
  from space 2048K, 98% used [0x00000000ef000000,0x00000000ef1fa0c8,0x00000000ef200000)
  to   space 2048K, 0% used [0x00000000ef200000,0x00000000ef200000,0x00000000ef400000)
 ParOldGen       total 36352K, used 3163K [0x00000000ca600000, 0x00000000cc980000, 0x00000000ee200000)
  object space 36352K, 8% used [0x00000000ca600000,0x00000000ca916c18,0x00000000cc980000)
 PSPermGen       total 24064K, used 22934K [0x00000000c5400000, 0x00000000c6b80000, 0x00000000ca600000)
  object space 24064K, 95% used [0x00000000c5400000,0x00000000c6a65a10,0x00000000c6b80000)
GC Heap History (10 events):
Event: 1.639 GC heap before
{Heap before GC invocations=1 (full 0):
 PSYoungGen      total 16384K, used 9862K [0x00000000ee200000, 0x00000000ef400000, 0x0000000100000000)
  eden space 14336K, 68% used [0x00000000ee200000,0x00000000eeba1840,0x00000000ef000000)
  from space 2048K, 0% used [0x00000000ef200000,0x00000000ef200000,0x00000000ef400000)
  to   space 2048K, 0% used [0x00000000ef000000,0x00000000ef000000,0x00000000ef200000)
 ParOldGen       total 36352K, used 0K [0x00000000ca600000, 0x00000000cc980000, 0x00000000ee200000)
  object space 36352K, 0% used [0x00000000ca600000,0x00000000ca600000,0x00000000cc980000)
 PSPermGen       total 21504K, used 10581K [0x00000000c5400000, 0x00000000c6900000, 0x00000000ca600000)
  object space 21504K, 49% used [0x00000000c5400000,0x00000000c5e555d8,0x00000000c6900000)
Event: 1.666 GC heap after
Heap after GC invocations=1 (full 0):
 PSYoungGen      total 16384K, used 2042K [0x00000000ee200000, 0x00000000ef400000, 0x0000000100000000)
  eden space 14336K, 0% used [0x00000000ee200000,0x00000000ee200000,0x00000000ef000000)
  from space 2048K, 99% used [0x00000000ef000000,0x00000000ef1fea38,0x00000000ef200000)
  to   space 2048K, 0% used [0x00000000ef200000,0x00000000ef200000,0x00000000ef400000)
 ParOldGen       total 36352K, used 814K [0x00000000ca600000, 0x00000000cc980000, 0x00000000ee200000)
  object space 36352K, 2% used [0x00000000ca600000,0x00000000ca6cb9b0,0x00000000cc980000)
 PSPermGen       total 21504K, used 10581K [0x00000000c5400000, 0x00000000c6900000, 0x00000000ca600000)
  object space 21504K, 49% used [0x00000000c5400000,0x00000000c5e555d8,0x00000000c6900000)
}
Event: 1.666 GC heap before
{Heap before GC invocations=2 (full 1):
 PSYoungGen      total 16384K, used 2042K [0x00000000ee200000, 0x00000000ef400000, 0x0000000100000000)
  eden space 14336K, 0% used [0x00000000ee200000,0x00000000ee200000,0x00000000ef000000)
  from space 2048K, 99% used [0x00000000ef000000,0x00000000ef1fea38,0x00000000ef200000)
  to   space 2048K, 0% used [0x00000000ef200000,0x00000000ef200000,0x00000000ef400000)
 ParOldGen       total 36352K, used 814K [0x00000000ca600000, 0x00000000cc980000, 0x00000000ee200000)
  object space 36352K, 2% used [0x00000000ca600000,0x00000000ca6cb9b0,0x00000000cc980000)
 PSPermGen       total 21504K, used 10581K [0x00000000c5400000, 0x00000000c6900000, 0x00000000ca600000)
  object space 21504K, 49% used [0x00000000c5400000,0x00000000c5e555d8,0x00000000c6900000)
Event: 1.832 GC heap after
Heap after GC invocations=2 (full 1):
 PSYoungGen      total 16384K, used 0K [0x00000000ee200000, 0x00000000ef400000, 0x0000000100000000)
  eden space 14336K, 0% used [0x00000000ee200000,0x00000000ee200000,0x00000000ef000000)
  from space 2048K, 0% used [0x00000000ef000000,0x00000000ef000000,0x00000000ef200000)
  to   space 2048K, 0% used [0x00000000ef200000,0x00000000ef200000,0x00000000ef400000)
 ParOldGen       total 36352K, used 2709K [0x00000000ca600000, 0x00000000cc980000, 0x00000000ee200000)
  object space 36352K, 7% used [0x00000000ca600000,0x00000000ca8a56d8,0x00000000cc980000)
 PSPermGen       total 21504K, used 10578K [0x00000000c5400000, 0x00000000c6900000, 0x00000000ca600000)
  object space 21504K, 49% used [0x00000000c5400000,0x00000000c5e54b20,0x00000000c6900000)
}
Event: 1.850 GC heap before
{Heap before GC invocations=3 (full 1):
 PSYoungGen      total 16384K, used 707K [0x00000000ee200000, 0x00000000ef400000, 0x0000000100000000)
  eden space 14336K, 4% used [0x00000000ee200000,0x00000000ee2b0c90,0x00000000ef000000)
  from space 2048K, 0% used [0x00000000ef000000,0x00000000ef000000,0x00000000ef200000)
  to   space 2048K, 0% used [0x00000000ef200000,0x00000000ef200000,0x00000000ef400000)
 ParOldGen       total 36352K, used 2709K [0x00000000ca600000, 0x00000000cc980000, 0x00000000ee200000)
  object space 36352K, 7% used [0x00000000ca600000,0x00000000ca8a56d8,0x00000000cc980000)
 PSPermGen       total 21504K, used 10670K [0x00000000c5400000, 0x00000000c6900000, 0x00000000ca600000)
  object space 21504K, 49% used [0x00000000c5400000,0x00000000c5e6bb38,0x00000000c6900000)
Event: 1.853 GC heap after
Heap after GC invocations=3 (full 1):
 PSYoungGen      total 16384K, used 71K [0x00000000ee200000, 0x00000000ef400000, 0x0000000100000000)
  eden space 14336K, 0% used [0x00000000ee200000,0x00000000ee200000,0x00000000ef000000)
  from space 2048K, 3% used [0x00000000ef200000,0x00000000ef211c50,0x00000000ef400000)
  to   space 2048K, 0% used [0x00000000ef000000,0x00000000ef000000,0x00000000ef200000)
 ParOldGen       total 36352K, used 2709K [0x00000000ca600000, 0x00000000cc980000, 0x00000000ee200000)
  object space 36352K, 7% used [0x00000000ca600000,0x00000000ca8a56d8,0x00000000cc980000)
 PSPermGen       total 21504K, used 10670K [0x00000000c5400000, 0x00000000c6900000, 0x00000000ca600000)
  object space 21504K, 49% used [0x00000000c5400000,0x00000000c5e6bb38,0x00000000c6900000)
}
Event: 1.853 GC heap before
{Heap before GC invocations=4 (full 2):
 PSYoungGen      total 16384K, used 71K [0x00000000ee200000, 0x00000000ef400000, 0x0000000100000000)
  eden space 14336K, 0% used [0x00000000ee200000,0x00000000ee200000,0x00000000ef000000)
  from space 2048K, 3% used [0x00000000ef200000,0x00000000ef211c50,0x00000000ef400000)
  to   space 2048K, 0% used [0x00000000ef000000,0x00000000ef000000,0x00000000ef200000)
 ParOldGen       total 36352K, used 2709K [0x00000000ca600000, 0x00000000cc980000, 0x00000000ee200000)
  object space 36352K, 7% used [0x00000000ca600000,0x00000000ca8a56d8,0x00000000cc980000)
 PSPermGen       total 21504K, used 10670K [0x00000000c5400000, 0x00000000c6900000, 0x00000000ca600000)
  object space 21504K, 49% used [0x00000000c5400000,0x00000000c5e6bb38,0x00000000c6900000)
Event: 1.971 GC heap after
Heap after GC invocations=4 (full 2):
 PSYoungGen      total 16384K, used 0K [0x00000000ee200000, 0x00000000ef400000, 0x0000000100000000)
  eden space 14336K, 0% used [0x00000000ee200000,0x00000000ee200000,0x00000000ef000000)
  from space 2048K, 0% used [0x00000000ef200000,0x00000000ef200000,0x00000000ef400000)
  to   space 2048K, 0% used [0x00000000ef000000,0x00000000ef000000,0x00000000ef200000)
 ParOldGen       total 36352K, used 1233K [0x00000000ca600000, 0x00000000cc980000, 0x00000000ee200000)
  object space 36352K, 3% used [0x00000000ca600000,0x00000000ca7344f0,0x00000000cc980000)
 PSPermGen       total 24064K, used 10670K [0x00000000c5400000, 0x00000000c6b80000, 0x00000000ca600000)
  object space 24064K, 44% used [0x00000000c5400000,0x00000000c5e6bb38,0x00000000c6b80000)
}
Event: 4.218 GC heap before
{Heap before GC invocations=5 (full 2):
 PSYoungGen      total 16384K, used 14336K [0x00000000ee200000, 0x00000000ef400000, 0x0000000100000000)
  eden space 14336K, 100% used [0x00000000ee200000,0x00000000ef000000,0x00000000ef000000)
  from space 2048K, 0% used [0x00000000ef200000,0x00000000ef200000,0x00000000ef400000)
  to   space 2048K, 0% used [0x00000000ef000000,0x00000000ef000000,0x00000000ef200000)
 ParOldGen       total 36352K, used 1233K [0x00000000ca600000, 0x00000000cc980000, 0x00000000ee200000)
  object space 36352K, 3% used [0x00000000ca600000,0x00000000ca7344f0,0x00000000cc980000)
 PSPermGen       total 24064K, used 17892K [0x00000000c5400000, 0x00000000c6b80000, 0x00000000ca600000)
  object space 24064K, 74% used [0x00000000c5400000,0x00000000c65793b8,0x00000000c6b80000)
Event: 4.238 GC heap after
Heap after GC invocations=5 (full 2):
 PSYoungGen      total 16384K, used 2024K [0x00000000ee200000, 0x00000000ef400000, 0x0000000100000000)
  eden space 14336K, 0% used [0x00000000ee200000,0x00000000ee200000,0x00000000ef000000)
  from space 2048K, 98% used [0x00000000ef000000,0x00000000ef1fa0c8,0x00000000ef200000)
  to   space 2048K, 0% used [0x00000000ef200000,0x00000000ef200000,0x00000000ef400000)
 ParOldGen       total 36352K, used 3163K [0x00000000ca600000, 0x00000000cc980000, 0x00000000ee200000)
  object space 36352K, 8% used [0x00000000ca600000,0x00000000ca916c18,0x00000000cc980000)
 PSPermGen       total 24064K, used 17892K [0x00000000c5400000, 0x00000000c6b80000, 0x00000000ca600000)
  object space 24064K, 74% used [0x00000000c5400000,0x00000000c65793b8,0x00000000c6b80000)
}

